FB555555555555D5
0000000000C1
ECCD655507D9
AEFE
B329AA60
1002001480680080900000000101D10000100000FFFE7E0400000000000000000000000000000000000000000000

FB555555555555D5
0000000000C1
ECCD655507D9
AEFE
99AC762B
1002001480680180900000400101D10000100000FFFE7E0400000000000000000000000000000000000000000000

FB555555555555D5
011B19000000
ECCD655507D9
88F7
000F70B3
0B120040EE007F630000000005397FB111221122ABBADEADBEEFCAFEFEED0001057F0000633090181625A4E8FDEC00FECDDCEFFEFF4444444455555555CAFECC

FB555555555555D5
0000000000C1
ECCD655507D9
AEFE
20691304
1002001480680280900010000101D10000100000FFFE7E0400000000000000000000000000000000000000000000

FB555555555555D5
011B19000000
ECCD655507D9
88F7
15BE67E8
0B120040EE007F630000000005397FB111221122ABBADEADBEEFCAFEFEED0002057F0000633090181625A4E8FDEC00FECDDCEFFEFF4444444455555555CAFECC

FB555555555555D5
011B19000000
ECCD655507D9
88F7
725F84F8
0012002CEE007F630000000005397FB111221122ABBADEADBEEFCAFEFEED0001007F0000633090181625A4E80000

FB555555555555D5
0000000000C1
ECCD655507D9
AEFE
0AECCF4F
1002001480680380900010400101D10000100000FFFE7E0400000000000000000000000000000000000000000000

FB555555555555D5
0000000000C1
ECCD655507D9
AEFE
95A8D8A9
1002001480680480900020000101D10000100000FFFE7E0400000000000000000000000000000000000000000000

FB555555555555D5
0000000000C1
ECCD655507D9
AEFE
BF2D04E2
1002001480680580900020400101D10000100000FFFE7E0400000000000000000000000000000000000000000000

FB555555555555D5
011B19000000
ECCD655507D9
88F7
C54B4451
0812002CEE007F630000000005397FB111221122ABBADEADBEEFCAFEFEED0001027F0000633090181625A4E80000

FB555555555555D5
0000000000C1
ECCD655507D9
AEFE
06E861CD
1002001480680680900030000101D10000100000FFFE7E0400000000000000000000000000000000000000000000

FB555555555555D5
0000000000C1
ECCD655507D9
AEFE
2C6DBD86
1002001480680780900030400101D10000100000FFFE7E0400000000000000000000000000000000000000000000

FB555555555555D5
0000000000C1
ECCD655507D9
AEFE
BE2D3E29
1002001480680880900040000101D10000100000FFFE7E0400000000000000000000000000000000000000000000

FB555555555555D5
011B19000000
ECCD655507D9
88F7
0B35F9E9
0012002CEE007F630000000005397FB111221122ABBADEADBEEFCAFEFEED0002007F0000633090181625A4E80000

FB555555555555D5
011B19000000
ECCD655507D9
88F7
BC213940
0812002CEE007F630000000005397FB111221122ABBADEADBEEFCAFEFEED0002027F0000633090181625A4E80000

FB555555555555D5
0000000000C1
ECCD655507D9
AEFE
94A8E262
1002001480680980900040400101D10000100000FFFE7E0400000000000000000000000000000000000000000000

